<?xml version="1.0" encoding="utf-8"?>
<CoverageSession xmlns:xsd="http://www.w3.org/2001/XMLSchema" xmlns:xsi="http://www.w3.org/2001/XMLSchema-instance">
  <Summary numSequencePoints="132" visitedSequencePoints="101" numBranchPoints="37" visitedBranchPoints="21" sequenceCoverage="76.52" branchCoverage="56.76" maxCyclomaticComplexity="11" minCyclomaticComplexity="1" visitedClasses="2" numClasses="5" visitedMethods="21" numMethods="27" />
  <Modules>
    <Module hash="CF-0D-7E-B1-25-A9-AA-F2-D4-DE-8F-24-41-83-9F-7D-83-6E-31-8D">
      <Summary numSequencePoints="132" visitedSequencePoints="101" numBranchPoints="37" visitedBranchPoints="21" sequenceCoverage="76.52" branchCoverage="56.76" maxCyclomaticComplexity="11" minCyclomaticComplexity="1" visitedClasses="2" numClasses="5" visitedMethods="21" numMethods="27" />
      <ModulePath>C:\Users\bwain\source\repos\MetadataScanner\MetadataScanner.Test\bin\Debug\netcoreapp2.0\MetadataScanner.Test.dll</ModulePath>
      <ModuleTime>2018-02-18T23:24:38.1743709Z</ModuleTime>
      <ModuleName>MetadataScanner.Test</ModuleName>
      <Files>
        <File uid="1" fullPath="C:\Users\bwain\source\repos\MetadataScanner\MetadataScanner.Test\obj\Debug\netcoreapp2.0\MetadataScanner.Test.Program.cs" />
        <File uid="2" fullPath="C:\Users\bwain\source\repos\MetadataScanner\MetadataScanner.Test\TestBase.cs" />
        <File uid="3" fullPath="C:\Users\bwain\source\repos\MetadataScanner\MetadataScanner.Test\TestScanner.cs" />
        <File uid="5" fullPath="C:\Users\bwain\source\repos\MetadataScanner\MetadataScanner.Test\Properties\Resources.Designer.cs" />
      </Files>
      <Classes>
        <Class>
          <Summary numSequencePoints="2" visitedSequencePoints="0" numBranchPoints="1" visitedBranchPoints="0" sequenceCoverage="0" branchCoverage="0" maxCyclomaticComplexity="1" minCyclomaticComplexity="1" visitedClasses="0" numClasses="1" visitedMethods="0" numMethods="1" />
          <FullName>AutoGeneratedProgram</FullName>
          <Methods>
            <Method visited="false" cyclomaticComplexity="1" nPathComplexity="0" sequenceCoverage="0" branchCoverage="0" isConstructor="false" isStatic="true" isGetter="false" isSetter="false">
              <Summary numSequencePoints="2" visitedSequencePoints="0" numBranchPoints="1" visitedBranchPoints="0" sequenceCoverage="0" branchCoverage="0" maxCyclomaticComplexity="1" minCyclomaticComplexity="1" visitedClasses="0" numClasses="0" visitedMethods="0" numMethods="1" />
              <MetadataToken>100663297</MetadataToken>
              <Name>System.Void AutoGeneratedProgram::Main(System.String[])</Name>
              <FileRef uid="1" />
              <SequencePoints>
                <SequencePoint vc="0" uspid="1" ordinal="0" offset="0" sl="3" sc="60" el="3" ec="61" bec="0" bev="0" fileid="1" />
                <SequencePoint vc="0" uspid="2" ordinal="1" offset="1" sl="3" sc="61" el="3" ec="62" bec="0" bev="0" fileid="1" />
              </SequencePoints>
              <BranchPoints />
              <MethodPoint xsi:type="SequencePoint" vc="0" uspid="1" ordinal="0" offset="0" sl="3" sc="60" el="3" ec="61" bec="0" bev="0" fileid="1" />
            </Method>
            <Method visited="false" cyclomaticComplexity="1" nPathComplexity="0" sequenceCoverage="0" branchCoverage="0" isConstructor="true" isStatic="false" isGetter="false" isSetter="false">
              <Summary numSequencePoints="0" visitedSequencePoints="0" numBranchPoints="0" visitedBranchPoints="0" sequenceCoverage="0" branchCoverage="0" maxCyclomaticComplexity="1" minCyclomaticComplexity="1" visitedClasses="0" numClasses="0" visitedMethods="0" numMethods="0" />
              <MetadataToken>100663298</MetadataToken>
              <Name>System.Void AutoGeneratedProgram::.ctor()</Name>
              <SequencePoints />
              <BranchPoints />
              <MethodPoint vc="0" uspid="3" ordinal="0" offset="0" />
            </Method>
          </Methods>
        </Class>
        <Class>
          <Summary numSequencePoints="12" visitedSequencePoints="0" numBranchPoints="9" visitedBranchPoints="0" sequenceCoverage="0" branchCoverage="0" maxCyclomaticComplexity="11" minCyclomaticComplexity="1" visitedClasses="0" numClasses="1" visitedMethods="0" numMethods="1" />
          <FullName>MetadataScanner.Test.TestBase</FullName>
          <Methods>
            <Method visited="false" cyclomaticComplexity="11" nPathComplexity="16" sequenceCoverage="0" branchCoverage="0" isConstructor="false" isStatic="false" isGetter="false" isSetter="false">
              <Summary numSequencePoints="12" visitedSequencePoints="0" numBranchPoints="9" visitedBranchPoints="0" sequenceCoverage="0" branchCoverage="0" maxCyclomaticComplexity="11" minCyclomaticComplexity="11" visitedClasses="0" numClasses="0" visitedMethods="0" numMethods="1" />
              <MetadataToken>100663299</MetadataToken>
              <Name>System.Int32 MetadataScanner.Test.TestBase::Compare(MetadataScanner.Interfaces.IAssembly,MetadataScanner.Interfaces.IAssembly)</Name>
              <FileRef uid="2" />
              <SequencePoints>
                <SequencePoint vc="0" uspid="4" ordinal="0" offset="0" sl="11" sc="9" el="11" ec="10" bec="0" bev="0" fileid="2" />
                <SequencePoint vc="0" uspid="5" ordinal="1" offset="1" sl="12" sc="13" el="12" ec="50" bec="2" bev="0" fileid="2" />
                <SequencePoint vc="0" uspid="6" ordinal="2" offset="25" sl="12" sc="51" el="12" ec="52" bec="0" bev="0" fileid="2" />
                <SequencePoint vc="0" uspid="7" ordinal="3" offset="26" sl="13" sc="17" el="13" ec="27" bec="0" bev="0" fileid="2" />
                <SequencePoint vc="0" uspid="8" ordinal="4" offset="33" sl="16" sc="13" el="16" ec="56" bec="2" bev="0" fileid="2" />
                <SequencePoint vc="0" uspid="9" ordinal="5" offset="66" sl="16" sc="57" el="16" ec="58" bec="0" bev="0" fileid="2" />
                <SequencePoint vc="0" uspid="10" ordinal="6" offset="67" sl="17" sc="17" el="17" ec="27" bec="0" bev="0" fileid="2" />
                <SequencePoint vc="0" uspid="11" ordinal="7" offset="71" sl="20" sc="13" el="20" ec="60" bec="2" bev="0" fileid="2" />
                <SequencePoint vc="0" uspid="12" ordinal="8" offset="95" sl="20" sc="61" el="20" ec="62" bec="0" bev="0" fileid="2" />
                <SequencePoint vc="0" uspid="13" ordinal="9" offset="96" sl="21" sc="17" el="21" ec="27" bec="0" bev="0" fileid="2" />
                <SequencePoint vc="0" uspid="14" ordinal="10" offset="100" sl="24" sc="13" el="28" ec="25" bec="2" bev="0" fileid="2" />
                <SequencePoint vc="0" uspid="15" ordinal="11" offset="165" sl="29" sc="9" el="29" ec="10" bec="0" bev="0" fileid="2" />
              </SequencePoints>
              <BranchPoints>
                <BranchPoint vc="0" uspid="18" ordinal="2" offset="23" sl="12" path="0" offsetend="25" fileid="2" />
                <BranchPoint vc="0" uspid="19" ordinal="3" offset="23" sl="12" path="1" offsetend="33" fileid="2" />
                <BranchPoint vc="0" uspid="22" ordinal="6" offset="64" sl="16" path="0" offsetend="66" fileid="2" />
                <BranchPoint vc="0" uspid="23" ordinal="7" offset="64" sl="16" path="1" offsetend="71" fileid="2" />
                <BranchPoint vc="0" uspid="26" ordinal="10" offset="93" sl="20" path="0" offsetend="95" fileid="2" />
                <BranchPoint vc="0" uspid="27" ordinal="11" offset="93" sl="20" path="1" offsetend="100" fileid="2" />
                <BranchPoint vc="0" uspid="32" ordinal="16" offset="156" sl="24" path="0" offsetend="158" fileid="2" />
                <BranchPoint vc="0" uspid="33" ordinal="17" offset="156" sl="24" path="1" offsetend="161" fileid="2" />
              </BranchPoints>
              <MethodPoint xsi:type="SequencePoint" vc="0" uspid="4" ordinal="0" offset="0" sl="11" sc="9" el="11" ec="10" bec="0" bev="0" fileid="2" />
            </Method>
            <Method visited="true" cyclomaticComplexity="1" nPathComplexity="0" sequenceCoverage="0" branchCoverage="0" isConstructor="true" isStatic="false" isGetter="false" isSetter="false">
              <Summary numSequencePoints="0" visitedSequencePoints="0" numBranchPoints="0" visitedBranchPoints="0" sequenceCoverage="0" branchCoverage="0" maxCyclomaticComplexity="1" minCyclomaticComplexity="1" visitedClasses="0" numClasses="0" visitedMethods="0" numMethods="0" />
              <MetadataToken>100663300</MetadataToken>
              <Name>System.Void MetadataScanner.Test.TestBase::.ctor()</Name>
              <SequencePoints />
              <BranchPoints />
              <MethodPoint vc="1" uspid="34" ordinal="0" offset="0" />
            </Method>
          </Methods>
        </Class>
        <Class>
          <Summary numSequencePoints="88" visitedSequencePoints="88" numBranchPoints="8" visitedBranchPoints="8" sequenceCoverage="100" branchCoverage="100" maxCyclomaticComplexity="5" minCyclomaticComplexity="1" visitedClasses="1" numClasses="1" visitedMethods="8" numMethods="8" />
          <FullName>MetadataScanner.Test.TestScanner</FullName>
          <Methods>
            <Method visited="true" cyclomaticComplexity="1" nPathComplexity="0" sequenceCoverage="100" branchCoverage="100" isConstructor="false" isStatic="false" isGetter="false" isSetter="false">
              <Summary numSequencePoints="8" visitedSequencePoints="8" numBranchPoints="1" visitedBranchPoints="1" sequenceCoverage="100" branchCoverage="100" maxCyclomaticComplexity="1" minCyclomaticComplexity="1" visitedClasses="0" numClasses="0" visitedMethods="1" numMethods="1" />
              <MetadataToken>100663301</MetadataToken>
              <Name>System.Void MetadataScanner.Test.TestScanner::TestScannerFindsSomeAssemblies()</Name>
              <FileRef uid="3" />
              <SequencePoints>
                <SequencePoint vc="1" uspid="35" ordinal="0" offset="0" sl="11" sc="9" el="11" ec="10" bec="0" bev="0" fileid="3" />
                <SequencePoint vc="1" uspid="36" ordinal="1" offset="1" sl="12" sc="13" el="12" ec="64" bec="0" bev="0" fileid="3" />
                <SequencePoint vc="1" uspid="37" ordinal="2" offset="12" sl="14" sc="13" el="14" ec="67" bec="0" bev="0" fileid="3" />
                <SequencePoint vc="1" uspid="38" ordinal="3" offset="38" sl="15" sc="13" el="15" ec="28" bec="0" bev="0" fileid="3" />
                <SequencePoint vc="1" uspid="39" ordinal="4" offset="45" sl="17" sc="13" el="17" ec="49" bec="0" bev="0" fileid="3" />
                <SequencePoint vc="1" uspid="40" ordinal="5" offset="52" sl="19" sc="13" el="19" ec="50" bec="0" bev="0" fileid="3" />
                <SequencePoint vc="1" uspid="41" ordinal="6" offset="69" sl="20" sc="13" el="20" ec="59" bec="0" bev="0" fileid="3" />
                <SequencePoint vc="1" uspid="42" ordinal="7" offset="92" sl="21" sc="9" el="21" ec="10" bec="0" bev="0" fileid="3" />
              </SequencePoints>
              <BranchPoints />
              <MethodPoint xsi:type="SequencePoint" vc="1" uspid="35" ordinal="0" offset="0" sl="11" sc="9" el="11" ec="10" bec="0" bev="0" fileid="3" />
            </Method>
            <Method visited="true" cyclomaticComplexity="2" nPathComplexity="0" sequenceCoverage="100" branchCoverage="100" isConstructor="false" isStatic="false" isGetter="false" isSetter="false">
              <Summary numSequencePoints="10" visitedSequencePoints="10" numBranchPoints="1" visitedBranchPoints="1" sequenceCoverage="100" branchCoverage="100" maxCyclomaticComplexity="2" minCyclomaticComplexity="2" visitedClasses="0" numClasses="0" visitedMethods="1" numMethods="1" />
              <MetadataToken>100663302</MetadataToken>
              <Name>System.Void MetadataScanner.Test.TestScanner::TestScannerFindsTheDummyAssembly()</Name>
              <FileRef uid="3" />
              <SequencePoints>
                <SequencePoint vc="1" uspid="43" ordinal="0" offset="0" sl="25" sc="9" el="25" ec="10" bec="0" bev="0" fileid="3" />
                <SequencePoint vc="1" uspid="44" ordinal="1" offset="1" sl="26" sc="13" el="26" ec="68" bec="0" bev="0" fileid="3" />
                <SequencePoint vc="1" uspid="45" ordinal="2" offset="12" sl="28" sc="13" el="28" ec="71" bec="0" bev="0" fileid="3" />
                <SequencePoint vc="1" uspid="46" ordinal="3" offset="38" sl="29" sc="13" el="29" ec="28" bec="0" bev="0" fileid="3" />
                <SequencePoint vc="1" uspid="47" ordinal="4" offset="45" sl="31" sc="13" el="31" ec="49" bec="0" bev="0" fileid="3" />
                <SequencePoint vc="1" uspid="48" ordinal="5" offset="52" sl="32" sc="13" el="32" ec="50" bec="0" bev="0" fileid="3" />
                <SequencePoint vc="1" uspid="49" ordinal="6" offset="69" sl="33" sc="13" el="33" ec="59" bec="0" bev="0" fileid="3" />
                <SequencePoint vc="1" uspid="50" ordinal="7" offset="92" sl="35" sc="13" el="38" ec="40" bec="0" bev="0" fileid="3" />
                <SequencePoint vc="1" uspid="51" ordinal="8" offset="130" sl="40" sc="13" el="40" ec="61" bec="0" bev="0" fileid="3" />
                <SequencePoint vc="1" uspid="52" ordinal="9" offset="152" sl="41" sc="9" el="41" ec="10" bec="0" bev="0" fileid="3" />
              </SequencePoints>
              <BranchPoints />
              <MethodPoint xsi:type="SequencePoint" vc="1" uspid="43" ordinal="0" offset="0" sl="25" sc="9" el="25" ec="10" bec="0" bev="0" fileid="3" />
            </Method>
            <Method visited="true" cyclomaticComplexity="2" nPathComplexity="0" sequenceCoverage="100" branchCoverage="100" isConstructor="false" isStatic="false" isGetter="false" isSetter="false">
              <Summary numSequencePoints="10" visitedSequencePoints="10" numBranchPoints="1" visitedBranchPoints="1" sequenceCoverage="100" branchCoverage="100" maxCyclomaticComplexity="2" minCyclomaticComplexity="2" visitedClasses="0" numClasses="0" visitedMethods="1" numMethods="1" />
              <MetadataToken>100663303</MetadataToken>
              <Name>System.Void MetadataScanner.Test.TestScanner::TestDummyAssemblyContainsSomeDefinedTypes()</Name>
              <FileRef uid="3" />
              <SequencePoints>
                <SequencePoint vc="1" uspid="55" ordinal="0" offset="0" sl="45" sc="9" el="45" ec="10" bec="0" bev="0" fileid="3" />
                <SequencePoint vc="1" uspid="56" ordinal="1" offset="1" sl="46" sc="13" el="46" ec="68" bec="0" bev="0" fileid="3" />
                <SequencePoint vc="1" uspid="57" ordinal="2" offset="12" sl="48" sc="13" el="48" ec="71" bec="0" bev="0" fileid="3" />
                <SequencePoint vc="1" uspid="58" ordinal="3" offset="38" sl="49" sc="13" el="49" ec="28" bec="0" bev="0" fileid="3" />
                <SequencePoint vc="1" uspid="59" ordinal="4" offset="45" sl="51" sc="13" el="51" ec="49" bec="0" bev="0" fileid="3" />
                <SequencePoint vc="1" uspid="60" ordinal="5" offset="52" sl="53" sc="13" el="56" ec="40" bec="0" bev="0" fileid="3" />
                <SequencePoint vc="1" uspid="61" ordinal="6" offset="90" sl="58" sc="13" el="58" ec="63" bec="0" bev="0" fileid="3" />
                <SequencePoint vc="1" uspid="62" ordinal="7" offset="103" sl="60" sc="13" el="60" ec="45" bec="0" bev="0" fileid="3" />
                <SequencePoint vc="1" uspid="63" ordinal="8" offset="121" sl="61" sc="13" el="61" ec="46" bec="0" bev="0" fileid="3" />
                <SequencePoint vc="1" uspid="64" ordinal="9" offset="139" sl="62" sc="9" el="62" ec="10" bec="0" bev="0" fileid="3" />
              </SequencePoints>
              <BranchPoints />
              <MethodPoint xsi:type="SequencePoint" vc="1" uspid="55" ordinal="0" offset="0" sl="45" sc="9" el="45" ec="10" bec="0" bev="0" fileid="3" />
            </Method>
            <Method visited="true" cyclomaticComplexity="2" nPathComplexity="0" sequenceCoverage="100" branchCoverage="100" isConstructor="false" isStatic="false" isGetter="false" isSetter="false">
              <Summary numSequencePoints="10" visitedSequencePoints="10" numBranchPoints="1" visitedBranchPoints="1" sequenceCoverage="100" branchCoverage="100" maxCyclomaticComplexity="2" minCyclomaticComplexity="2" visitedClasses="0" numClasses="0" visitedMethods="1" numMethods="1" />
              <MetadataToken>100663304</MetadataToken>
              <Name>System.Void MetadataScanner.Test.TestScanner::TestDummyAssemblyContainsSomeTypeReferences()</Name>
              <FileRef uid="3" />
              <SequencePoints>
                <SequencePoint vc="1" uspid="67" ordinal="0" offset="0" sl="66" sc="9" el="66" ec="10" bec="0" bev="0" fileid="3" />
                <SequencePoint vc="1" uspid="68" ordinal="1" offset="1" sl="67" sc="13" el="67" ec="68" bec="0" bev="0" fileid="3" />
                <SequencePoint vc="1" uspid="69" ordinal="2" offset="12" sl="69" sc="13" el="69" ec="71" bec="0" bev="0" fileid="3" />
                <SequencePoint vc="1" uspid="70" ordinal="3" offset="38" sl="70" sc="13" el="70" ec="28" bec="0" bev="0" fileid="3" />
                <SequencePoint vc="1" uspid="71" ordinal="4" offset="45" sl="72" sc="13" el="72" ec="49" bec="0" bev="0" fileid="3" />
                <SequencePoint vc="1" uspid="72" ordinal="5" offset="52" sl="74" sc="13" el="77" ec="40" bec="0" bev="0" fileid="3" />
                <SequencePoint vc="1" uspid="73" ordinal="6" offset="90" sl="79" sc="13" el="79" ec="62" bec="0" bev="0" fileid="3" />
                <SequencePoint vc="1" uspid="74" ordinal="7" offset="103" sl="80" sc="13" el="80" ec="45" bec="0" bev="0" fileid="3" />
                <SequencePoint vc="1" uspid="75" ordinal="8" offset="121" sl="81" sc="13" el="81" ec="46" bec="0" bev="0" fileid="3" />
                <SequencePoint vc="1" uspid="76" ordinal="9" offset="139" sl="82" sc="9" el="82" ec="10" bec="0" bev="0" fileid="3" />
              </SequencePoints>
              <BranchPoints />
              <MethodPoint xsi:type="SequencePoint" vc="1" uspid="67" ordinal="0" offset="0" sl="66" sc="9" el="66" ec="10" bec="0" bev="0" fileid="3" />
            </Method>
            <Method visited="true" cyclomaticComplexity="2" nPathComplexity="0" sequenceCoverage="100" branchCoverage="100" isConstructor="false" isStatic="false" isGetter="false" isSetter="false">
              <Summary numSequencePoints="10" visitedSequencePoints="10" numBranchPoints="1" visitedBranchPoints="1" sequenceCoverage="100" branchCoverage="100" maxCyclomaticComplexity="2" minCyclomaticComplexity="2" visitedClasses="0" numClasses="0" visitedMethods="1" numMethods="1" />
              <MetadataToken>100663305</MetadataToken>
              <Name>System.Void MetadataScanner.Test.TestScanner::TestDummyAssemblyContainsSomeAssemblyReferences()</Name>
              <FileRef uid="3" />
              <SequencePoints>
                <SequencePoint vc="1" uspid="79" ordinal="0" offset="0" sl="86" sc="9" el="86" ec="10" bec="0" bev="0" fileid="3" />
                <SequencePoint vc="1" uspid="80" ordinal="1" offset="1" sl="87" sc="13" el="87" ec="68" bec="0" bev="0" fileid="3" />
                <SequencePoint vc="1" uspid="81" ordinal="2" offset="12" sl="89" sc="13" el="89" ec="71" bec="0" bev="0" fileid="3" />
                <SequencePoint vc="1" uspid="82" ordinal="3" offset="38" sl="90" sc="13" el="90" ec="28" bec="0" bev="0" fileid="3" />
                <SequencePoint vc="1" uspid="83" ordinal="4" offset="45" sl="92" sc="13" el="92" ec="49" bec="0" bev="0" fileid="3" />
                <SequencePoint vc="1" uspid="84" ordinal="5" offset="52" sl="94" sc="13" el="97" ec="40" bec="0" bev="0" fileid="3" />
                <SequencePoint vc="1" uspid="85" ordinal="6" offset="90" sl="99" sc="13" el="99" ec="71" bec="0" bev="0" fileid="3" />
                <SequencePoint vc="1" uspid="86" ordinal="7" offset="103" sl="100" sc="13" el="100" ec="50" bec="0" bev="0" fileid="3" />
                <SequencePoint vc="1" uspid="87" ordinal="8" offset="121" sl="101" sc="13" el="101" ec="51" bec="0" bev="0" fileid="3" />
                <SequencePoint vc="1" uspid="88" ordinal="9" offset="139" sl="102" sc="9" el="102" ec="10" bec="0" bev="0" fileid="3" />
              </SequencePoints>
              <BranchPoints />
              <MethodPoint xsi:type="SequencePoint" vc="1" uspid="79" ordinal="0" offset="0" sl="86" sc="9" el="86" ec="10" bec="0" bev="0" fileid="3" />
            </Method>
            <Method visited="true" cyclomaticComplexity="3" nPathComplexity="0" sequenceCoverage="100" branchCoverage="100" isConstructor="false" isStatic="false" isGetter="false" isSetter="false">
              <Summary numSequencePoints="13" visitedSequencePoints="13" numBranchPoints="1" visitedBranchPoints="1" sequenceCoverage="100" branchCoverage="100" maxCyclomaticComplexity="3" minCyclomaticComplexity="3" visitedClasses="0" numClasses="0" visitedMethods="1" numMethods="1" />
              <MetadataToken>100663306</MetadataToken>
              <Name>System.Void MetadataScanner.Test.TestScanner::TestThatIRegistryShouldBeMarkedAsAnInterface()</Name>
              <FileRef uid="3" />
              <SequencePoints>
                <SequencePoint vc="1" uspid="91" ordinal="0" offset="0" sl="106" sc="9" el="106" ec="10" bec="0" bev="0" fileid="3" />
                <SequencePoint vc="1" uspid="92" ordinal="1" offset="1" sl="107" sc="13" el="107" ec="68" bec="0" bev="0" fileid="3" />
                <SequencePoint vc="1" uspid="93" ordinal="2" offset="12" sl="109" sc="13" el="109" ec="71" bec="0" bev="0" fileid="3" />
                <SequencePoint vc="1" uspid="94" ordinal="3" offset="38" sl="110" sc="13" el="110" ec="28" bec="0" bev="0" fileid="3" />
                <SequencePoint vc="1" uspid="95" ordinal="4" offset="45" sl="112" sc="13" el="112" ec="49" bec="0" bev="0" fileid="3" />
                <SequencePoint vc="1" uspid="96" ordinal="5" offset="52" sl="114" sc="13" el="117" ec="40" bec="0" bev="0" fileid="3" />
                <SequencePoint vc="1" uspid="97" ordinal="6" offset="90" sl="119" sc="13" el="119" ec="69" bec="0" bev="0" fileid="3" />
                <SequencePoint vc="1" uspid="98" ordinal="7" offset="103" sl="120" sc="13" el="120" ec="52" bec="0" bev="0" fileid="3" />
                <SequencePoint vc="1" uspid="99" ordinal="8" offset="121" sl="122" sc="13" el="125" ec="52" bec="0" bev="0" fileid="3" />
                <SequencePoint vc="1" uspid="100" ordinal="9" offset="161" sl="127" sc="13" el="127" ec="61" bec="0" bev="0" fileid="3" />
                <SequencePoint vc="1" uspid="101" ordinal="10" offset="170" sl="129" sc="13" el="129" ec="49" bec="0" bev="0" fileid="3" />
                <SequencePoint vc="1" uspid="102" ordinal="11" offset="188" sl="130" sc="13" el="130" ec="48" bec="0" bev="0" fileid="3" />
                <SequencePoint vc="1" uspid="103" ordinal="12" offset="201" sl="131" sc="9" el="131" ec="10" bec="0" bev="0" fileid="3" />
              </SequencePoints>
              <BranchPoints />
              <MethodPoint xsi:type="SequencePoint" vc="1" uspid="91" ordinal="0" offset="0" sl="106" sc="9" el="106" ec="10" bec="0" bev="0" fileid="3" />
            </Method>
            <Method visited="true" cyclomaticComplexity="4" nPathComplexity="0" sequenceCoverage="100" branchCoverage="100" isConstructor="false" isStatic="false" isGetter="false" isSetter="false">
              <Summary numSequencePoints="14" visitedSequencePoints="14" numBranchPoints="1" visitedBranchPoints="1" sequenceCoverage="100" branchCoverage="100" maxCyclomaticComplexity="4" minCyclomaticComplexity="4" visitedClasses="0" numClasses="0" visitedMethods="1" numMethods="1" />
              <MetadataToken>100663307</MetadataToken>
              <Name>System.Void MetadataScanner.Test.TestScanner::TestThatRegistryImplementsIRegistry()</Name>
              <FileRef uid="3" />
              <SequencePoints>
                <SequencePoint vc="1" uspid="108" ordinal="0" offset="0" sl="135" sc="9" el="135" ec="10" bec="0" bev="0" fileid="3" />
                <SequencePoint vc="1" uspid="109" ordinal="1" offset="1" sl="136" sc="13" el="136" ec="68" bec="0" bev="0" fileid="3" />
                <SequencePoint vc="1" uspid="110" ordinal="2" offset="12" sl="138" sc="13" el="138" ec="71" bec="0" bev="0" fileid="3" />
                <SequencePoint vc="1" uspid="111" ordinal="3" offset="38" sl="139" sc="13" el="139" ec="28" bec="0" bev="0" fileid="3" />
                <SequencePoint vc="1" uspid="112" ordinal="4" offset="45" sl="141" sc="13" el="141" ec="49" bec="0" bev="0" fileid="3" />
                <SequencePoint vc="1" uspid="113" ordinal="5" offset="52" sl="143" sc="13" el="146" ec="40" bec="0" bev="0" fileid="3" />
                <SequencePoint vc="1" uspid="114" ordinal="6" offset="90" sl="148" sc="13" el="148" ec="69" bec="0" bev="0" fileid="3" />
                <SequencePoint vc="1" uspid="115" ordinal="7" offset="103" sl="149" sc="13" el="149" ec="52" bec="0" bev="0" fileid="3" />
                <SequencePoint vc="1" uspid="116" ordinal="8" offset="121" sl="151" sc="13" el="154" ec="51" bec="0" bev="0" fileid="3" />
                <SequencePoint vc="1" uspid="117" ordinal="9" offset="161" sl="156" sc="13" el="156" ec="59" bec="0" bev="0" fileid="3" />
                <SequencePoint vc="1" uspid="118" ordinal="10" offset="170" sl="158" sc="13" el="158" ec="48" bec="0" bev="0" fileid="3" />
                <SequencePoint vc="1" uspid="119" ordinal="11" offset="188" sl="160" sc="13" el="163" ec="57" bec="0" bev="0" fileid="3" />
                <SequencePoint vc="1" uspid="120" ordinal="12" offset="233" sl="165" sc="13" el="165" ec="72" bec="0" bev="0" fileid="3" />
                <SequencePoint vc="1" uspid="121" ordinal="13" offset="256" sl="166" sc="9" el="166" ec="10" bec="0" bev="0" fileid="3" />
              </SequencePoints>
              <BranchPoints />
              <MethodPoint xsi:type="SequencePoint" vc="1" uspid="108" ordinal="0" offset="0" sl="135" sc="9" el="135" ec="10" bec="0" bev="0" fileid="3" />
            </Method>
            <Method visited="true" cyclomaticComplexity="5" nPathComplexity="0" sequenceCoverage="100" branchCoverage="100" isConstructor="false" isStatic="false" isGetter="false" isSetter="false">
              <Summary numSequencePoints="13" visitedSequencePoints="13" numBranchPoints="1" visitedBranchPoints="1" sequenceCoverage="100" branchCoverage="100" maxCyclomaticComplexity="5" minCyclomaticComplexity="5" visitedClasses="0" numClasses="0" visitedMethods="1" numMethods="1" />
              <MetadataToken>100663308</MetadataToken>
              <Name>System.Void MetadataScanner.Test.TestScanner::TestThatMySimpleRegistryImplementsIRegistry()</Name>
              <FileRef uid="3" />
              <SequencePoints>
                <SequencePoint vc="1" uspid="128" ordinal="0" offset="0" sl="170" sc="9" el="170" ec="10" bec="0" bev="0" fileid="3" />
                <SequencePoint vc="1" uspid="129" ordinal="1" offset="1" sl="171" sc="13" el="171" ec="68" bec="0" bev="0" fileid="3" />
                <SequencePoint vc="1" uspid="130" ordinal="2" offset="12" sl="173" sc="13" el="173" ec="71" bec="0" bev="0" fileid="3" />
                <SequencePoint vc="1" uspid="131" ordinal="3" offset="38" sl="174" sc="13" el="174" ec="28" bec="0" bev="0" fileid="3" />
                <SequencePoint vc="1" uspid="132" ordinal="4" offset="45" sl="176" sc="13" el="176" ec="49" bec="0" bev="0" fileid="3" />
                <SequencePoint vc="1" uspid="133" ordinal="5" offset="52" sl="178" sc="13" el="181" ec="40" bec="0" bev="0" fileid="3" />
                <SequencePoint vc="1" uspid="134" ordinal="6" offset="90" sl="183" sc="13" el="186" ec="52" bec="0" bev="0" fileid="3" />
                <SequencePoint vc="1" uspid="135" ordinal="7" offset="139" sl="188" sc="13" el="188" ec="61" bec="0" bev="0" fileid="3" />
                <SequencePoint vc="1" uspid="136" ordinal="8" offset="148" sl="190" sc="13" el="193" ec="39" bec="0" bev="0" fileid="3" />
                <SequencePoint vc="1" uspid="137" ordinal="9" offset="187" sl="195" sc="13" el="198" ec="46" bec="0" bev="0" fileid="3" />
                <SequencePoint vc="1" uspid="138" ordinal="10" offset="237" sl="200" sc="13" el="200" ec="71" bec="0" bev="0" fileid="3" />
                <SequencePoint vc="1" uspid="139" ordinal="11" offset="260" sl="201" sc="13" el="201" ec="89" bec="0" bev="0" fileid="3" />
                <SequencePoint vc="1" uspid="140" ordinal="12" offset="280" sl="202" sc="9" el="202" ec="10" bec="0" bev="0" fileid="3" />
              </SequencePoints>
              <BranchPoints />
              <MethodPoint xsi:type="SequencePoint" vc="1" uspid="128" ordinal="0" offset="0" sl="170" sc="9" el="170" ec="10" bec="0" bev="0" fileid="3" />
            </Method>
            <Method visited="true" cyclomaticComplexity="1" nPathComplexity="0" sequenceCoverage="0" branchCoverage="0" isConstructor="true" isStatic="false" isGetter="false" isSetter="false">
              <Summary numSequencePoints="0" visitedSequencePoints="0" numBranchPoints="0" visitedBranchPoints="0" sequenceCoverage="0" branchCoverage="0" maxCyclomaticComplexity="1" minCyclomaticComplexity="1" visitedClasses="0" numClasses="0" visitedMethods="0" numMethods="0" />
              <MetadataToken>100663309</MetadataToken>
              <Name>System.Void MetadataScanner.Test.TestScanner::.ctor()</Name>
              <SequencePoints />
              <BranchPoints />
              <MethodPoint vc="1" uspid="149" ordinal="0" offset="0" />
            </Method>
          </Methods>
        </Class>
        <Class>
          <Summary numSequencePoints="13" visitedSequencePoints="13" numBranchPoints="13" visitedBranchPoints="13" sequenceCoverage="100" branchCoverage="100" maxCyclomaticComplexity="1" minCyclomaticComplexity="1" visitedClasses="1" numClasses="1" visitedMethods="13" numMethods="13" />
          <FullName>MetadataScanner.Test.TestScanner/&lt;&gt;c</FullName>
          <Methods>
            <Method visited="true" cyclomaticComplexity="1" nPathComplexity="0" sequenceCoverage="0" branchCoverage="0" isConstructor="true" isStatic="true" isGetter="false" isSetter="false">
              <Summary numSequencePoints="0" visitedSequencePoints="0" numBranchPoints="0" visitedBranchPoints="0" sequenceCoverage="0" branchCoverage="0" maxCyclomaticComplexity="1" minCyclomaticComplexity="1" visitedClasses="0" numClasses="0" visitedMethods="0" numMethods="0" />
              <MetadataToken>100663314</MetadataToken>
              <Name>System.Void MetadataScanner.Test.TestScanner/&lt;&gt;c::.cctor()</Name>
              <SequencePoints />
              <BranchPoints />
              <MethodPoint vc="1" uspid="150" ordinal="0" offset="0" />
            </Method>
            <Method visited="true" cyclomaticComplexity="1" nPathComplexity="0" sequenceCoverage="0" branchCoverage="0" isConstructor="true" isStatic="false" isGetter="false" isSetter="false">
              <Summary numSequencePoints="0" visitedSequencePoints="0" numBranchPoints="0" visitedBranchPoints="0" sequenceCoverage="0" branchCoverage="0" maxCyclomaticComplexity="1" minCyclomaticComplexity="1" visitedClasses="0" numClasses="0" visitedMethods="0" numMethods="0" />
              <MetadataToken>100663315</MetadataToken>
              <Name>System.Void MetadataScanner.Test.TestScanner/&lt;&gt;c::.ctor()</Name>
              <SequencePoints />
              <BranchPoints />
              <MethodPoint vc="1" uspid="151" ordinal="0" offset="0" />
            </Method>
            <Method visited="true" cyclomaticComplexity="1" nPathComplexity="0" sequenceCoverage="100" branchCoverage="100" isConstructor="false" isStatic="false" isGetter="false" isSetter="false">
              <Summary numSequencePoints="1" visitedSequencePoints="1" numBranchPoints="1" visitedBranchPoints="1" sequenceCoverage="100" branchCoverage="100" maxCyclomaticComplexity="1" minCyclomaticComplexity="1" visitedClasses="0" numClasses="0" visitedMethods="1" numMethods="1" />
              <MetadataToken>100663316</MetadataToken>
              <Name>System.Boolean MetadataScanner.Test.TestScanner/&lt;&gt;c::&lt;TestScannerFindsTheDummyAssembly&gt;b__1_0(MetadataScanner.Interfaces.IAssembly)</Name>
              <FileRef uid="3" />
              <SequencePoints>
                <SequencePoint vc="1" uspid="152" ordinal="0" offset="0" sl="37" sc="30" el="37" ec="62" bec="0" bev="0" fileid="3" />
              </SequencePoints>
              <BranchPoints />
              <MethodPoint xsi:type="SequencePoint" vc="1" uspid="152" ordinal="0" offset="0" sl="37" sc="30" el="37" ec="62" bec="0" bev="0" fileid="3" />
            </Method>
            <Method visited="true" cyclomaticComplexity="1" nPathComplexity="0" sequenceCoverage="100" branchCoverage="100" isConstructor="false" isStatic="false" isGetter="false" isSetter="false">
              <Summary numSequencePoints="1" visitedSequencePoints="1" numBranchPoints="1" visitedBranchPoints="1" sequenceCoverage="100" branchCoverage="100" maxCyclomaticComplexity="1" minCyclomaticComplexity="1" visitedClasses="0" numClasses="0" visitedMethods="1" numMethods="1" />
              <MetadataToken>100663317</MetadataToken>
              <Name>System.Boolean MetadataScanner.Test.TestScanner/&lt;&gt;c::&lt;TestDummyAssemblyContainsSomeDefinedTypes&gt;b__2_0(MetadataScanner.Interfaces.IAssembly)</Name>
              <FileRef uid="3" />
              <SequencePoints>
                <SequencePoint vc="1" uspid="153" ordinal="0" offset="0" sl="55" sc="30" el="55" ec="62" bec="0" bev="0" fileid="3" />
              </SequencePoints>
              <BranchPoints />
              <MethodPoint xsi:type="SequencePoint" vc="1" uspid="153" ordinal="0" offset="0" sl="55" sc="30" el="55" ec="62" bec="0" bev="0" fileid="3" />
            </Method>
            <Method visited="true" cyclomaticComplexity="1" nPathComplexity="0" sequenceCoverage="100" branchCoverage="100" isConstructor="false" isStatic="false" isGetter="false" isSetter="false">
              <Summary numSequencePoints="1" visitedSequencePoints="1" numBranchPoints="1" visitedBranchPoints="1" sequenceCoverage="100" branchCoverage="100" maxCyclomaticComplexity="1" minCyclomaticComplexity="1" visitedClasses="0" numClasses="0" visitedMethods="1" numMethods="1" />
              <MetadataToken>100663318</MetadataToken>
              <Name>System.Boolean MetadataScanner.Test.TestScanner/&lt;&gt;c::&lt;TestDummyAssemblyContainsSomeTypeReferences&gt;b__3_0(MetadataScanner.Interfaces.IAssembly)</Name>
              <FileRef uid="3" />
              <SequencePoints>
                <SequencePoint vc="1" uspid="154" ordinal="0" offset="0" sl="76" sc="30" el="76" ec="62" bec="0" bev="0" fileid="3" />
              </SequencePoints>
              <BranchPoints />
              <MethodPoint xsi:type="SequencePoint" vc="1" uspid="154" ordinal="0" offset="0" sl="76" sc="30" el="76" ec="62" bec="0" bev="0" fileid="3" />
            </Method>
            <Method visited="true" cyclomaticComplexity="1" nPathComplexity="0" sequenceCoverage="100" branchCoverage="100" isConstructor="false" isStatic="false" isGetter="false" isSetter="false">
              <Summary numSequencePoints="1" visitedSequencePoints="1" numBranchPoints="1" visitedBranchPoints="1" sequenceCoverage="100" branchCoverage="100" maxCyclomaticComplexity="1" minCyclomaticComplexity="1" visitedClasses="0" numClasses="0" visitedMethods="1" numMethods="1" />
              <MetadataToken>100663319</MetadataToken>
              <Name>System.Boolean MetadataScanner.Test.TestScanner/&lt;&gt;c::&lt;TestDummyAssemblyContainsSomeAssemblyReferences&gt;b__4_0(MetadataScanner.Interfaces.IAssembly)</Name>
              <FileRef uid="3" />
              <SequencePoints>
                <SequencePoint vc="1" uspid="155" ordinal="0" offset="0" sl="96" sc="30" el="96" ec="62" bec="0" bev="0" fileid="3" />
              </SequencePoints>
              <BranchPoints />
              <MethodPoint xsi:type="SequencePoint" vc="1" uspid="155" ordinal="0" offset="0" sl="96" sc="30" el="96" ec="62" bec="0" bev="0" fileid="3" />
            </Method>
            <Method visited="true" cyclomaticComplexity="1" nPathComplexity="0" sequenceCoverage="100" branchCoverage="100" isConstructor="false" isStatic="false" isGetter="false" isSetter="false">
              <Summary numSequencePoints="1" visitedSequencePoints="1" numBranchPoints="1" visitedBranchPoints="1" sequenceCoverage="100" branchCoverage="100" maxCyclomaticComplexity="1" minCyclomaticComplexity="1" visitedClasses="0" numClasses="0" visitedMethods="1" numMethods="1" />
              <MetadataToken>100663320</MetadataToken>
              <Name>System.Boolean MetadataScanner.Test.TestScanner/&lt;&gt;c::&lt;TestThatIRegistryShouldBeMarkedAsAnInterface&gt;b__5_0(MetadataScanner.Interfaces.IAssembly)</Name>
              <FileRef uid="3" />
              <SequencePoints>
                <SequencePoint vc="1" uspid="156" ordinal="0" offset="0" sl="116" sc="30" el="116" ec="62" bec="0" bev="0" fileid="3" />
              </SequencePoints>
              <BranchPoints />
              <MethodPoint xsi:type="SequencePoint" vc="1" uspid="156" ordinal="0" offset="0" sl="116" sc="30" el="116" ec="62" bec="0" bev="0" fileid="3" />
            </Method>
            <Method visited="true" cyclomaticComplexity="1" nPathComplexity="0" sequenceCoverage="100" branchCoverage="100" isConstructor="false" isStatic="false" isGetter="false" isSetter="false">
              <Summary numSequencePoints="1" visitedSequencePoints="1" numBranchPoints="1" visitedBranchPoints="1" sequenceCoverage="100" branchCoverage="100" maxCyclomaticComplexity="1" minCyclomaticComplexity="1" visitedClasses="0" numClasses="0" visitedMethods="1" numMethods="1" />
              <MetadataToken>100663321</MetadataToken>
              <Name>System.Boolean MetadataScanner.Test.TestScanner/&lt;&gt;c::&lt;TestThatIRegistryShouldBeMarkedAsAnInterface&gt;b__5_1(MetadataScanner.Interfaces.IType)</Name>
              <FileRef uid="3" />
              <SequencePoints>
                <SequencePoint vc="14" uspid="157" ordinal="0" offset="0" sl="124" sc="40" el="124" ec="70" bec="0" bev="0" fileid="3" />
              </SequencePoints>
              <BranchPoints />
              <MethodPoint xsi:type="SequencePoint" vc="14" uspid="157" ordinal="0" offset="0" sl="124" sc="40" el="124" ec="70" bec="0" bev="0" fileid="3" />
            </Method>
            <Method visited="true" cyclomaticComplexity="1" nPathComplexity="0" sequenceCoverage="100" branchCoverage="100" isConstructor="false" isStatic="false" isGetter="false" isSetter="false">
              <Summary numSequencePoints="1" visitedSequencePoints="1" numBranchPoints="1" visitedBranchPoints="1" sequenceCoverage="100" branchCoverage="100" maxCyclomaticComplexity="1" minCyclomaticComplexity="1" visitedClasses="0" numClasses="0" visitedMethods="1" numMethods="1" />
              <MetadataToken>100663322</MetadataToken>
              <Name>System.Boolean MetadataScanner.Test.TestScanner/&lt;&gt;c::&lt;TestThatRegistryImplementsIRegistry&gt;b__6_0(MetadataScanner.Interfaces.IAssembly)</Name>
              <FileRef uid="3" />
              <SequencePoints>
                <SequencePoint vc="1" uspid="158" ordinal="0" offset="0" sl="145" sc="30" el="145" ec="62" bec="0" bev="0" fileid="3" />
              </SequencePoints>
              <BranchPoints />
              <MethodPoint xsi:type="SequencePoint" vc="1" uspid="158" ordinal="0" offset="0" sl="145" sc="30" el="145" ec="62" bec="0" bev="0" fileid="3" />
            </Method>
            <Method visited="true" cyclomaticComplexity="1" nPathComplexity="0" sequenceCoverage="100" branchCoverage="100" isConstructor="false" isStatic="false" isGetter="false" isSetter="false">
              <Summary numSequencePoints="1" visitedSequencePoints="1" numBranchPoints="1" visitedBranchPoints="1" sequenceCoverage="100" branchCoverage="100" maxCyclomaticComplexity="1" minCyclomaticComplexity="1" visitedClasses="0" numClasses="0" visitedMethods="1" numMethods="1" />
              <MetadataToken>100663323</MetadataToken>
              <Name>System.Boolean MetadataScanner.Test.TestScanner/&lt;&gt;c::&lt;TestThatRegistryImplementsIRegistry&gt;b__6_1(MetadataScanner.Interfaces.IType)</Name>
              <FileRef uid="3" />
              <SequencePoints>
                <SequencePoint vc="3" uspid="159" ordinal="0" offset="0" sl="153" sc="39" el="153" ec="68" bec="0" bev="0" fileid="3" />
              </SequencePoints>
              <BranchPoints />
              <MethodPoint xsi:type="SequencePoint" vc="3" uspid="159" ordinal="0" offset="0" sl="153" sc="39" el="153" ec="68" bec="0" bev="0" fileid="3" />
            </Method>
            <Method visited="true" cyclomaticComplexity="1" nPathComplexity="0" sequenceCoverage="100" branchCoverage="100" isConstructor="false" isStatic="false" isGetter="false" isSetter="false">
              <Summary numSequencePoints="1" visitedSequencePoints="1" numBranchPoints="1" visitedBranchPoints="1" sequenceCoverage="100" branchCoverage="100" maxCyclomaticComplexity="1" minCyclomaticComplexity="1" visitedClasses="0" numClasses="0" visitedMethods="1" numMethods="1" />
              <MetadataToken>100663324</MetadataToken>
              <Name>System.Boolean MetadataScanner.Test.TestScanner/&lt;&gt;c::&lt;TestThatRegistryImplementsIRegistry&gt;b__6_2(MetadataScanner.Interfaces.IType)</Name>
              <FileRef uid="3" />
              <SequencePoints>
                <SequencePoint vc="1" uspid="160" ordinal="0" offset="0" sl="162" sc="41" el="162" ec="75" bec="0" bev="0" fileid="3" />
              </SequencePoints>
              <BranchPoints />
              <MethodPoint xsi:type="SequencePoint" vc="1" uspid="160" ordinal="0" offset="0" sl="162" sc="41" el="162" ec="75" bec="0" bev="0" fileid="3" />
            </Method>
            <Method visited="true" cyclomaticComplexity="1" nPathComplexity="0" sequenceCoverage="100" branchCoverage="100" isConstructor="false" isStatic="false" isGetter="false" isSetter="false">
              <Summary numSequencePoints="1" visitedSequencePoints="1" numBranchPoints="1" visitedBranchPoints="1" sequenceCoverage="100" branchCoverage="100" maxCyclomaticComplexity="1" minCyclomaticComplexity="1" visitedClasses="0" numClasses="0" visitedMethods="1" numMethods="1" />
              <MetadataToken>100663325</MetadataToken>
              <Name>System.Boolean MetadataScanner.Test.TestScanner/&lt;&gt;c::&lt;TestThatMySimpleRegistryImplementsIRegistry&gt;b__7_0(MetadataScanner.Interfaces.IAssembly)</Name>
              <FileRef uid="3" />
              <SequencePoints>
                <SequencePoint vc="1" uspid="161" ordinal="0" offset="0" sl="180" sc="30" el="180" ec="62" bec="0" bev="0" fileid="3" />
              </SequencePoints>
              <BranchPoints />
              <MethodPoint xsi:type="SequencePoint" vc="1" uspid="161" ordinal="0" offset="0" sl="180" sc="30" el="180" ec="62" bec="0" bev="0" fileid="3" />
            </Method>
            <Method visited="true" cyclomaticComplexity="1" nPathComplexity="0" sequenceCoverage="100" branchCoverage="100" isConstructor="false" isStatic="false" isGetter="false" isSetter="false">
              <Summary numSequencePoints="1" visitedSequencePoints="1" numBranchPoints="1" visitedBranchPoints="1" sequenceCoverage="100" branchCoverage="100" maxCyclomaticComplexity="1" minCyclomaticComplexity="1" visitedClasses="0" numClasses="0" visitedMethods="1" numMethods="1" />
              <MetadataToken>100663326</MetadataToken>
              <Name>System.Boolean MetadataScanner.Test.TestScanner/&lt;&gt;c::&lt;TestThatMySimpleRegistryImplementsIRegistry&gt;b__7_1(MetadataScanner.Interfaces.IType)</Name>
              <FileRef uid="3" />
              <SequencePoints>
                <SequencePoint vc="14" uspid="162" ordinal="0" offset="0" sl="185" sc="40" el="185" ec="70" bec="0" bev="0" fileid="3" />
              </SequencePoints>
              <BranchPoints />
              <MethodPoint xsi:type="SequencePoint" vc="14" uspid="162" ordinal="0" offset="0" sl="185" sc="40" el="185" ec="70" bec="0" bev="0" fileid="3" />
            </Method>
            <Method visited="true" cyclomaticComplexity="1" nPathComplexity="0" sequenceCoverage="100" branchCoverage="100" isConstructor="false" isStatic="false" isGetter="false" isSetter="false">
              <Summary numSequencePoints="1" visitedSequencePoints="1" numBranchPoints="1" visitedBranchPoints="1" sequenceCoverage="100" branchCoverage="100" maxCyclomaticComplexity="1" minCyclomaticComplexity="1" visitedClasses="0" numClasses="0" visitedMethods="1" numMethods="1" />
              <MetadataToken>100663327</MetadataToken>
              <Name>System.Boolean MetadataScanner.Test.TestScanner/&lt;&gt;c::&lt;TestThatMySimpleRegistryImplementsIRegistry&gt;b__7_2(MetadataScanner.Interfaces.IAssembly)</Name>
              <FileRef uid="3" />
              <SequencePoints>
                <SequencePoint vc="4" uspid="163" ordinal="0" offset="0" sl="192" sc="29" el="192" ec="71" bec="0" bev="0" fileid="3" />
              </SequencePoints>
              <BranchPoints />
              <MethodPoint xsi:type="SequencePoint" vc="4" uspid="163" ordinal="0" offset="0" sl="192" sc="29" el="192" ec="71" bec="0" bev="0" fileid="3" />
            </Method>
            <Method visited="true" cyclomaticComplexity="1" nPathComplexity="0" sequenceCoverage="100" branchCoverage="100" isConstructor="false" isStatic="false" isGetter="false" isSetter="false">
              <Summary numSequencePoints="1" visitedSequencePoints="1" numBranchPoints="1" visitedBranchPoints="1" sequenceCoverage="100" branchCoverage="100" maxCyclomaticComplexity="1" minCyclomaticComplexity="1" visitedClasses="0" numClasses="0" visitedMethods="1" numMethods="1" />
              <MetadataToken>100663328</MetadataToken>
              <Name>System.Boolean MetadataScanner.Test.TestScanner/&lt;&gt;c::&lt;TestThatMySimpleRegistryImplementsIRegistry&gt;b__7_3(MetadataScanner.Interfaces.IType)</Name>
              <FileRef uid="3" />
              <SequencePoints>
                <SequencePoint vc="6" uspid="164" ordinal="0" offset="0" sl="197" sc="40" el="197" ec="71" bec="0" bev="0" fileid="3" />
              </SequencePoints>
              <BranchPoints />
              <MethodPoint xsi:type="SequencePoint" vc="6" uspid="164" ordinal="0" offset="0" sl="197" sc="40" el="197" ec="71" bec="0" bev="0" fileid="3" />
            </Method>
          </Methods>
        </Class>
        <Class>
          <Summary numSequencePoints="17" visitedSequencePoints="0" numBranchPoints="6" visitedBranchPoints="0" sequenceCoverage="0" branchCoverage="0" maxCyclomaticComplexity="2" minCyclomaticComplexity="1" visitedClasses="0" numClasses="1" visitedMethods="0" numMethods="4" />
          <FullName>MetadataScanner.Test.Properties.Resources</FullName>
          <Methods>
            <Method visited="false" cyclomaticComplexity="2" nPathComplexity="2" sequenceCoverage="0" branchCoverage="0" isConstructor="false" isStatic="true" isGetter="true" isSetter="false">
              <Summary numSequencePoints="8" visitedSequencePoints="0" numBranchPoints="3" visitedBranchPoints="0" sequenceCoverage="0" branchCoverage="0" maxCyclomaticComplexity="2" minCyclomaticComplexity="2" visitedClasses="0" numClasses="0" visitedMethods="0" numMethods="1" />
              <MetadataToken>100663311</MetadataToken>
              <Name>System.Resources.ResourceManager MetadataScanner.Test.Properties.Resources::get_ResourceManager()</Name>
              <FileRef uid="5" />
              <SequencePoints>
                <SequencePoint vc="0" uspid="165" ordinal="0" offset="0" sl="40" sc="17" el="40" ec="18" bec="0" bev="0" fileid="5" />
                <SequencePoint vc="0" uspid="166" ordinal="1" offset="1" sl="41" sc="17" el="41" ec="63" bec="2" bev="0" fileid="5" />
                <SequencePoint vc="0" uspid="167" ordinal="2" offset="13" sl="41" sc="64" el="41" ec="65" bec="0" bev="0" fileid="5" />
                <SequencePoint vc="0" uspid="168" ordinal="3" offset="14" sl="42" sc="21" el="42" ec="187" bec="0" bev="0" fileid="5" />
                <SequencePoint vc="0" uspid="169" ordinal="4" offset="40" sl="43" sc="21" el="43" ec="40" bec="0" bev="0" fileid="5" />
                <SequencePoint vc="0" uspid="170" ordinal="5" offset="46" sl="44" sc="17" el="44" ec="18" bec="0" bev="0" fileid="5" />
                <SequencePoint vc="0" uspid="171" ordinal="6" offset="47" sl="45" sc="17" el="45" ec="36" bec="0" bev="0" fileid="5" />
                <SequencePoint vc="0" uspid="172" ordinal="7" offset="55" sl="46" sc="13" el="46" ec="14" bec="0" bev="0" fileid="5" />
              </SequencePoints>
              <BranchPoints>
                <BranchPoint vc="0" uspid="173" ordinal="0" offset="11" sl="41" path="0" offsetend="13" fileid="5" />
                <BranchPoint vc="0" uspid="174" ordinal="1" offset="11" sl="41" path="1" offsetend="47" fileid="5" />
              </BranchPoints>
              <MethodPoint xsi:type="SequencePoint" vc="0" uspid="165" ordinal="0" offset="0" sl="40" sc="17" el="40" ec="18" bec="0" bev="0" fileid="5" />
            </Method>
            <Method visited="false" cyclomaticComplexity="1" nPathComplexity="0" sequenceCoverage="0" branchCoverage="0" isConstructor="false" isStatic="true" isGetter="true" isSetter="false">
              <Summary numSequencePoints="3" visitedSequencePoints="0" numBranchPoints="1" visitedBranchPoints="0" sequenceCoverage="0" branchCoverage="0" maxCyclomaticComplexity="1" minCyclomaticComplexity="1" visitedClasses="0" numClasses="0" visitedMethods="0" numMethods="1" />
              <MetadataToken>100663312</MetadataToken>
              <Name>System.Globalization.CultureInfo MetadataScanner.Test.Properties.Resources::get_Culture()</Name>
              <FileRef uid="5" />
              <SequencePoints>
                <SequencePoint vc="0" uspid="175" ordinal="0" offset="0" sl="55" sc="17" el="55" ec="18" bec="0" bev="0" fileid="5" />
                <SequencePoint vc="0" uspid="176" ordinal="1" offset="1" sl="56" sc="17" el="56" ec="40" bec="0" bev="0" fileid="5" />
                <SequencePoint vc="0" uspid="177" ordinal="2" offset="9" sl="57" sc="13" el="57" ec="14" bec="0" bev="0" fileid="5" />
              </SequencePoints>
              <BranchPoints />
              <MethodPoint xsi:type="SequencePoint" vc="0" uspid="175" ordinal="0" offset="0" sl="55" sc="17" el="55" ec="18" bec="0" bev="0" fileid="5" />
            </Method>
            <Method visited="false" cyclomaticComplexity="1" nPathComplexity="0" sequenceCoverage="0" branchCoverage="0" isConstructor="false" isStatic="true" isGetter="false" isSetter="true">
              <Summary numSequencePoints="3" visitedSequencePoints="0" numBranchPoints="1" visitedBranchPoints="0" sequenceCoverage="0" branchCoverage="0" maxCyclomaticComplexity="1" minCyclomaticComplexity="1" visitedClasses="0" numClasses="0" visitedMethods="0" numMethods="1" />
              <MetadataToken>100663313</MetadataToken>
              <Name>System.Void MetadataScanner.Test.Properties.Resources::set_Culture(System.Globalization.CultureInfo)</Name>
              <FileRef uid="5" />
              <SequencePoints>
                <SequencePoint vc="0" uspid="178" ordinal="0" offset="0" sl="58" sc="17" el="58" ec="18" bec="0" bev="0" fileid="5" />
                <SequencePoint vc="0" uspid="179" ordinal="1" offset="1" sl="59" sc="17" el="59" ec="41" bec="0" bev="0" fileid="5" />
                <SequencePoint vc="0" uspid="180" ordinal="2" offset="7" sl="60" sc="13" el="60" ec="14" bec="0" bev="0" fileid="5" />
              </SequencePoints>
              <BranchPoints />
              <MethodPoint xsi:type="SequencePoint" vc="0" uspid="178" ordinal="0" offset="0" sl="58" sc="17" el="58" ec="18" bec="0" bev="0" fileid="5" />
            </Method>
            <Method visited="false" cyclomaticComplexity="1" nPathComplexity="0" sequenceCoverage="0" branchCoverage="0" isConstructor="true" isStatic="false" isGetter="false" isSetter="false">
              <Summary numSequencePoints="3" visitedSequencePoints="0" numBranchPoints="1" visitedBranchPoints="0" sequenceCoverage="0" branchCoverage="0" maxCyclomaticComplexity="1" minCyclomaticComplexity="1" visitedClasses="0" numClasses="0" visitedMethods="0" numMethods="1" />
              <MetadataToken>100663310</MetadataToken>
              <Name>System.Void MetadataScanner.Test.Properties.Resources::.ctor()</Name>
              <FileRef uid="5" />
              <SequencePoints>
                <SequencePoint vc="0" uspid="181" ordinal="0" offset="0" sl="32" sc="9" el="32" ec="29" bec="0" bev="0" fileid="5" />
                <SequencePoint vc="0" uspid="182" ordinal="1" offset="7" sl="32" sc="30" el="32" ec="31" bec="0" bev="0" fileid="5" />
                <SequencePoint vc="0" uspid="183" ordinal="2" offset="8" sl="33" sc="9" el="33" ec="10" bec="0" bev="0" fileid="5" />
              </SequencePoints>
              <BranchPoints />
              <MethodPoint xsi:type="SequencePoint" vc="0" uspid="181" ordinal="0" offset="0" sl="32" sc="9" el="32" ec="29" bec="0" bev="0" fileid="5" />
            </Method>
          </Methods>
        </Class>
      </Classes>
    </Module>
  </Modules>
</CoverageSession>